<?xml version="1.0" encoding="UTF-8"?>
<testng-results ignored="0" total="2" passed="2" failed="0" skipped="0">
  <reporter-output>
  </reporter-output>
  <suite started-at="2023-05-11T07:12:12 IST" name="manipal testng suite" finished-at="2023-05-11T07:12:24 IST" duration-ms="11858">
    <groups>
    </groups>
    <test started-at="2023-05-11T07:12:12 IST" name="Functional  testing" finished-at="2023-05-11T07:12:24 IST" duration-ms="11858">
      <class name="org.example.Parameters">
        <test-method signature="testparameters(java.lang.String)[pri:0, instance:org.example.Parameters@3eb7fc54]" started-at="2023-05-11T07:12:12 IST" name="testparameters" finished-at="2023-05-11T07:12:23 IST" duration-ms="10510" status="PASS">
          <params>
            <param index="0">
              <value>
                <![CDATA[chrome]]>
              </value>
            </param>
          </params>
          <reporter-output>
          </reporter-output>
        </test-method> <!-- testparameters -->
      </class> <!-- org.example.Parameters -->
      <class name="org.example.SingleCheckbox">
        <test-method signature="checkbox()[pri:0, instance:org.example.SingleCheckbox@ef9296d]" started-at="2023-05-11T07:12:12 IST" name="checkbox" finished-at="2023-05-11T07:12:24 IST" duration-ms="11784" status="PASS">
          <reporter-output>
          </reporter-output>
        </test-method> <!-- checkbox -->
      </class> <!-- org.example.SingleCheckbox -->
    </test> <!-- Functional  testing -->
  </suite> <!-- manipal testng suite -->
</testng-results>
